Building DAG of jobs...
Creating report...
Traceback (most recent call last):

  File "/opt/anaconda3/lib/python3.12/site-packages/snakemake/cli.py", line 2126, in args_to_api
    dag_api.create_report(

  File "/opt/anaconda3/lib/python3.12/site-packages/snakemake/api.py", line 614, in _handle_no_exec
    return method(self, *args, **kwargs)
           ^^^^^^^^^^^^^^^^^^^^^^^^^^^^^

  File "/opt/anaconda3/lib/python3.12/site-packages/snakemake/api.py", line 654, in create_report
    self.workflow_api._workflow.create_report(

  File "/opt/anaconda3/lib/python3.12/site-packages/snakemake/workflow.py", line 1058, in create_report
    async_run(auto_report(self.dag, report_plugin, report_settings))

  File "/opt/anaconda3/lib/python3.12/site-packages/snakemake/common/__init__.py", line 99, in async_run
    return asyncio.run(coroutine)
           ^^^^^^^^^^^^^^^^^^^^^^

  File "/opt/anaconda3/lib/python3.12/asyncio/runners.py", line 194, in run
    return runner.run(main)
           ^^^^^^^^^^^^^^^^

  File "/opt/anaconda3/lib/python3.12/asyncio/runners.py", line 118, in run
    return self._loop.run_until_complete(task)
           ^^^^^^^^^^^^^^^^^^^^^^^^^^^^^^^^^^^

  File "/opt/anaconda3/lib/python3.12/asyncio/base_events.py", line 687, in run_until_complete
    return future.result()
           ^^^^^^^^^^^^^^^

  File "/opt/anaconda3/lib/python3.12/site-packages/snakemake/report/__init__.py", line 747, in auto_report
    reporter.render()

  File "/opt/anaconda3/lib/python3.12/site-packages/snakemake_report_plugin_metadat4ing/__init__.py", line 65, in render
    step_node = self._create_job_node(
                ^^^^^^^^^^^^^^^^^^^^^^

  File "/opt/anaconda3/lib/python3.12/site-packages/snakemake_report_plugin_metadat4ing/__init__.py", line 119, in _create_job_node
    tools = self._extract_tools(job.rule, conda_file.content)
            ^^^^^^^^^^^^^^^^^^^^^^^^^^^^^^^^^^^^^^^^^^^^^^^^^

  File "/opt/anaconda3/lib/python3.12/site-packages/snakemake_report_plugin_metadat4ing/__init__.py", line 219, in _extract_tools
    if name not in self.tool_dict:
                   ^^^^^^^^^^^^^^

AttributeError: 'Reporter' object has no attribute 'tool_dict'. Did you mean: 'tools_dict'?

